<?xml version="1.0" encoding="UTF-8"?>
<!-- Generated by org.testng.reporters.JUnitReportReporter -->
<testsuite hostname="DESKTOP-NRMKGRQ" failures="0" tests="8" name="com.jcems.prod.dashboard.TestAPI" time="40.615" errors="0" timestamp="2024-03-24T18:11:09 IST" skipped="0">
  <testcase classname="com.jcems.prod.dashboard.TestAPI" name="average_consumption_energy" time="5.834"/>
  <system-out/>
  <testcase classname="com.jcems.prod.dashboard.TestAPI" name="total_consumption_energy_comparision" time="5.054"/>
  <system-out/>
  <testcase classname="com.jcems.prod.dashboard.TestAPI" name="total_runhour_comparison" time="4.838"/>
  <system-out/>
  <testcase classname="com.jcems.prod.dashboard.TestAPI" name="total_ac_runHour" time="5.031"/>
  <system-out/>
  <testcase classname="com.jcems.prod.dashboard.TestAPI" name="data_missing" time="4.994"/>
  <system-out/>
  <testcase classname="com.jcems.prod.dashboard.TestAPI" name="total_dgrunhour" time="4.875"/>
  <system-out/>
  <testcase classname="com.jcems.prod.dashboard.TestAPI" name="energyandcost" time="5.298"/>
  <system-out/>
  <testcase classname="com.jcems.prod.dashboard.TestAPI" name="total_fuel_consumed" time="4.691"/>
  <system-out/>
</testsuite> <!-- com.jcems.prod.dashboard.TestAPI -->
