<?xml version="1.0" encoding="UTF-8"?>
<!-- Generated by org.testng.reporters.JUnitReportReporter -->
<testsuite hostname="DESKTOP-E01QGNP" failures="0" tests="2" name="com.ipcolotower.prod.dashboard.ipcolotower_Final_Working_Corrected" time="32.387" errors="0" timestamp="2024-10-19T17:29:16 IST" skipped="0">
  <testcase classname="com.ipcolotower.prod.dashboard.ipcolotower_Final_Working_Corrected" name="towertest" time="31.205"/>
  <system-out/>
  <testcase classname="com.ipcolotower.prod.dashboard.ipcolotower_Final_Working_Corrected" name="getSitedatPath" time="1.182"/>
  <system-out/>
</testsuite> <!-- com.ipcolotower.prod.dashboard.ipcolotower_Final_Working_Corrected -->
