<?xml version="1.0" encoding="UTF-8"?>
<!-- Generated by org.testng.reporters.JUnitReportReporter -->
<testsuite hostname="LAPTOP-61JK7ALA" failures="0" tests="1" name="com.ldc.prod.dashboard.LDC" time="45.276" errors="0" timestamp="2024-11-04T21:46:58 IST" skipped="0">
  <testcase classname="com.ldc.prod.dashboard.LDC" name="getSitedatPath" time="45.276"/>
  <system-out/>
</testsuite> <!-- com.ldc.prod.dashboard.LDC -->
