<?xml version="1.0" encoding="UTF-8"?>
<!-- Generated by org.testng.reporters.JUnitReportReporter -->
<testsuite hostname="DESKTOP-E01QGNP" failures="0" tests="1" name="com.jcems.prod.dashboard.JCEMS_Cluster_id" time="49592.086" errors="0" timestamp="2024-08-24T11:05:52 IST" skipped="0">
  <testcase classname="com.jcems.prod.dashboard.JCEMS_Cluster_id" name="getSitedatPath" time="49592.086"/>
  <system-out/>
</testsuite> <!-- com.jcems.prod.dashboard.JCEMS_Cluster_id -->
