<?xml version="1.0" encoding="UTF-8"?>
<!-- Generated by org.testng.reporters.JUnitReportReporter -->
<testsuite hostname="DESKTOP-NRMKGRQ" failures="0" tests="2" name="com.solar.dev.dashboard.SolarDashboardDataValidation" time="55.052" errors="0" timestamp="2024-06-04T17:23:04 IST" skipped="0">
  <testcase classname="com.solar.dev.dashboard.SolarDashboardDataValidation" name="solarSelectedDateData" time="33.087"/>
  <system-out/>
  <testcase classname="com.solar.dev.dashboard.SolarDashboardDataValidation" name="solarTodaysData" time="21.965"/>
  <system-out/>
</testsuite> <!-- com.solar.dev.dashboard.SolarDashboardDataValidation -->
