<?xml version="1.0" encoding="UTF-8"?>
<!-- Generated by org.testng.reporters.JUnitReportReporter -->
<testsuite hostname="DESKTOP-E01QGNP" failures="0" tests="1" name="com.rpel.prod.dashboard.Rpel" time="9.108" errors="0" timestamp="2024-10-07T17:05:30 IST" skipped="0">
  <testcase classname="com.rpel.prod.dashboard.Rpel" name="getSitedatPath" time="9.108"/>
  <system-out/>
</testsuite> <!-- com.rpel.prod.dashboard.Rpel -->
