<?xml version="1.0" encoding="UTF-8"?>
<!-- Generated by org.testng.reporters.JUnitReportReporter -->
<testsuite hostname="DESKTOP-E01QGNP" failures="0" tests="1" name="com.energenie.prod.dashboard.copy.Energenie" time="216.964" errors="0" timestamp="2024-09-06T12:50:31 IST" skipped="0">
  <testcase classname="com.energenie.prod.dashboard.copy.Energenie" name="getSitedatPath" time="216.964"/>
  <system-out/>
</testsuite> <!-- com.energenie.prod.dashboard.copy.Energenie -->
