<?xml version="1.0" encoding="UTF-8"?>
<!-- Generated by org.testng.reporters.JUnitReportReporter -->
<testsuite hostname="DESKTOP-E01QGNP" failures="0" tests="1" name="com.ldc.prod.dashboard.Rpel" time="0.801" errors="0" timestamp="2024-10-07T19:49:43 IST" skipped="0">
  <testcase classname="com.ldc.prod.dashboard.Rpel" name="getSitedatPath" time="0.801"/>
  <system-out/>
</testsuite> <!-- com.ldc.prod.dashboard.Rpel -->
