<?xml version="1.0" encoding="UTF-8"?>
<!-- Generated by org.testng.reporters.JUnitReportReporter -->
<testsuite hostname="DESKTOP-E01QGNP" failures="0" tests="1" name="com.energenie.prod.dashboard.Energenie" time="92.869" errors="0" timestamp="2024-10-24T13:07:50 IST" skipped="0">
  <testcase classname="com.energenie.prod.dashboard.Energenie" name="getSitedatPath" time="92.869"/>
  <system-out/>
</testsuite> <!-- com.energenie.prod.dashboard.Energenie -->
