<?xml version="1.0" encoding="UTF-8"?>
<!-- Generated by org.testng.reporters.JUnitReportReporter -->
<testsuite hostname="LAPTOP-61JK7ALA" failures="0" tests="1" name="com.ldc.prod.dashboard.copy.LDC" time="17.529" errors="0" timestamp="2024-11-04T14:56:47 IST" skipped="0">
  <testcase classname="com.ldc.prod.dashboard.copy.LDC" name="getSitedatPath" time="17.529"/>
  <system-out/>
</testsuite> <!-- com.ldc.prod.dashboard.copy.LDC -->
